# JRE version: OpenJDK Runtime Environment (8.0_152-b01) (build 1.8.0_152-release-915-b01)
# Java VM: OpenJDK 64-Bit Server VM (25.152-b01 mixed mode windows-amd64 compressed oops)
Heap:
 PSYoungGen      total 189440K, used 159787K [0x00000000e0000000, 0x00000000f0c80000, 0x0000000100000000)
  eden space 166912K, 95% used [0x00000000e0000000,0x00000000e9c0afc8,0x00000000ea300000)
  from space 22528K, 0% used [0x00000000ea300000,0x00000000ea300000,0x00000000eb900000)
  to   space 26112K, 0% used [0x00000000ef300000,0x00000000ef300000,0x00000000f0c80000)
 ParOldGen       total 102912K, used 49865K [0x00000000a0000000, 0x00000000a6480000, 0x00000000e0000000)
  object space 102912K, 48% used [0x00000000a0000000,0x00000000a30b26f8,0x00000000a6480000)
 Metaspace       used 65496K, capacity 68480K, committed 68568K, reserved 1107968K
  class space    used 8758K, capacity 9471K, committed 9472K, reserved 1048576K
GC Heap History (10 events):
Event: 5.417 GC heap before
{Heap before GC invocations=10 (full 2):
 PSYoungGen      total 107008K, used 95744K [0x00000000e0000000, 0x00000000ea500000, 0x0000000100000000)
  eden space 95744K, 100% used [0x00000000e0000000,0x00000000e5d80000,0x00000000e5d80000)
  from space 11264K, 0% used [0x00000000e5d80000,0x00000000e5d80000,0x00000000e6880000)
  to   space 12288K, 0% used [0x00000000e9900000,0x00000000e9900000,0x00000000ea500000)
 ParOldGen       total 102912K, used 16843K [0x00000000a0000000, 0x00000000a6480000, 0x00000000e0000000)
  object space 102912K, 16% used [0x00000000a0000000,0x00000000a1072ff0,0x00000000a6480000)
 Metaspace       used 41676K, capacity 42688K, committed 42840K, reserved 1085440K
  class space    used 5551K, capacity 5907K, committed 6016K, reserved 1048576K
Event: 5.427 GC heap after
Heap after GC invocations=10 (full 2):
 PSYoungGen      total 146944K, used 10217K [0x00000000e0000000, 0x00000000ea300000, 0x0000000100000000)
  eden space 136704K, 0% used [0x00000000e0000000,0x00000000e0000000,0x00000000e8580000)
  from space 10240K, 99% used [0x00000000e9900000,0x00000000ea2fa400,0x00000000ea300000)
  to   space 12800K, 0% used [0x00000000e8a00000,0x00000000e8a00000,0x00000000e9680000)
 ParOldGen       total 102912K, used 16851K [0x00000000a0000000, 0x00000000a6480000, 0x00000000e0000000)
  object space 102912K, 16% used [0x00000000a0000000,0x00000000a1074ff0,0x00000000a6480000)
 Metaspace       used 41676K, capacity 42688K, committed 42840K, reserved 1085440K
  class space    used 5551K, capacity 5907K, committed 6016K, reserved 1048576K
}
Event: 6.693 GC heap before
{Heap before GC invocations=11 (full 2):
 PSYoungGen      total 146944K, used 146921K [0x00000000e0000000, 0x00000000ea300000, 0x0000000100000000)
  eden space 136704K, 100% used [0x00000000e0000000,0x00000000e8580000,0x00000000e8580000)
  from space 10240K, 99% used [0x00000000e9900000,0x00000000ea2fa400,0x00000000ea300000)
  to   space 12800K, 0% used [0x00000000e8a00000,0x00000000e8a00000,0x00000000e9680000)
 ParOldGen       total 102912K, used 16851K [0x00000000a0000000, 0x00000000a6480000, 0x00000000e0000000)
  object space 102912K, 16% used [0x00000000a0000000,0x00000000a1074ff0,0x00000000a6480000)
 Metaspace       used 51564K, capacity 53112K, committed 53208K, reserved 1095680K
  class space    used 6932K, capacity 7378K, committed 7424K, reserved 1048576K
Event: 6.717 GC heap after
Heap after GC invocations=11 (full 2):
 PSYoungGen      total 154112K, used 12772K [0x00000000e0000000, 0x00000000ec900000, 0x0000000100000000)
  eden space 141312K, 0% used [0x00000000e0000000,0x00000000e0000000,0x00000000e8a00000)
  from space 12800K, 99% used [0x00000000e8a00000,0x00000000e9679300,0x00000000e9680000)
  to   space 16384K, 0% used [0x00000000eb900000,0x00000000eb900000,0x00000000ec900000)
 ParOldGen       total 102912K, used 21788K [0x00000000a0000000, 0x00000000a6480000, 0x00000000e0000000)
  object space 102912K, 21% used [0x00000000a0000000,0x00000000a1547190,0x00000000a6480000)
 Metaspace       used 51564K, capacity 53112K, committed 53208K, reserved 1095680K
  class space    used 6932K, capacity 7378K, committed 7424K, reserved 1048576K
}
Event: 7.776 GC heap before
{Heap before GC invocations=12 (full 2):
 PSYoungGen      total 154112K, used 154084K [0x00000000e0000000, 0x00000000ec900000, 0x0000000100000000)
  eden space 141312K, 100% used [0x00000000e0000000,0x00000000e8a00000,0x00000000e8a00000)
  from space 12800K, 99% used [0x00000000e8a00000,0x00000000e9679300,0x00000000e9680000)
  to   space 16384K, 0% used [0x00000000eb900000,0x00000000eb900000,0x00000000ec900000)
 ParOldGen       total 102912K, used 21788K [0x00000000a0000000, 0x00000000a6480000, 0x00000000e0000000)
  object space 102912K, 21% used [0x00000000a0000000,0x00000000a1547190,0x00000000a6480000)
 Metaspace       used 55648K, capacity 57890K, committed 58072K, reserved 1099776K
  class space    used 7584K, capacity 8141K, committed 8192K, reserved 1048576K
Event: 7.814 GC heap after
Heap after GC invocations=12 (full 2):
 PSYoungGen      total 183296K, used 16365K [0x00000000e0000000, 0x00000000ee000000, 0x0000000100000000)
  eden space 166912K, 0% used [0x00000000e0000000,0x00000000e0000000,0x00000000ea300000)
  from space 16384K, 99% used [0x00000000eb900000,0x00000000ec8fb4f0,0x00000000ec900000)
  to   space 22528K, 0% used [0x00000000ea300000,0x00000000ea300000,0x00000000eb900000)
 ParOldGen       total 102912K, used 33724K [0x00000000a0000000, 0x00000000a6480000, 0x00000000e0000000)
  object space 102912K, 32% used [0x00000000a0000000,0x00000000a20ef0c0,0x00000000a6480000)
 Metaspace       used 55648K, capacity 57890K, committed 58072K, reserved 1099776K
  class space    used 7584K, capacity 8141K, committed 8192K, reserved 1048576K
}
Event: 8.603 GC heap before
{Heap before GC invocations=13 (full 2):
 PSYoungGen      total 183296K, used 83805K [0x00000000e0000000, 0x00000000ee000000, 0x0000000100000000)
  eden space 166912K, 40% used [0x00000000e0000000,0x00000000e41dc2e8,0x00000000ea300000)
  from space 16384K, 99% used [0x00000000eb900000,0x00000000ec8fb4f0,0x00000000ec900000)
  to   space 22528K, 0% used [0x00000000ea300000,0x00000000ea300000,0x00000000eb900000)
 ParOldGen       total 102912K, used 33724K [0x00000000a0000000, 0x00000000a6480000, 0x00000000e0000000)
  object space 102912K, 32% used [0x00000000a0000000,0x00000000a20ef0c0,0x00000000a6480000)
 Metaspace       used 56763K, capacity 58878K, committed 58968K, reserved 1099776K
  class space    used 7739K, capacity 8285K, committed 8320K, reserved 1048576K
Event: 8.637 GC heap after
Heap after GC invocations=13 (full 2):
 PSYoungGen      total 189440K, used 22501K [0x00000000e0000000, 0x00000000f0c80000, 0x0000000100000000)
  eden space 166912K, 0% used [0x00000000e0000000,0x00000000e0000000,0x00000000ea300000)
  from space 22528K, 99% used [0x00000000ea300000,0x00000000eb8f94d0,0x00000000eb900000)
  to   space 26112K, 0% used [0x00000000ef300000,0x00000000ef300000,0x00000000f0c80000)
 ParOldGen       total 102912K, used 34894K [0x00000000a0000000, 0x00000000a6480000, 0x00000000e0000000)
  object space 102912K, 33% used [0x00000000a0000000,0x00000000a2213a70,0x00000000a6480000)
 Metaspace       used 56763K, capacity 58878K, committed 58968K, reserved 1099776K
  class space    used 7739K, capacity 8285K, committed 8320K, reserved 1048576K
}
Event: 8.637 GC heap before
{Heap before GC invocations=14 (full 3):
 PSYoungGen      total 189440K, used 22501K [0x00000000e0000000, 0x00000000f0c80000, 0x0000000100000000)
  eden space 166912K, 0% used [0x00000000e0000000,0x00000000e0000000,0x00000000ea300000)
  from space 22528K, 99% used [0x00000000ea300000,0x00000000eb8f94d0,0x00000000eb900000)
  to   space 26112K, 0% used [0x00000000ef300000,0x00000000ef300000,0x00000000f0c80000)
 ParOldGen       total 102912K, used 34894K [0x00000000a0000000, 0x00000000a6480000, 0x00000000e0000000)
  object space 102912K, 33% used [0x00000000a0000000,0x00000000a2213a70,0x00000000a6480000)
 Metaspace       used 56763K, capacity 58878K, committed 58968K, reserved 1099776K
  class space    used 7739K, capacity 8285K, committed 8320K, reserved 1048576K
Event: 8.896 GC heap after
Heap after GC invocations=14 (full 3):
 PSYoungGen      total 189440K, used 0K [0x00000000e0000000, 0x00000000f0c80000, 0x0000000100000000)
  eden space 166912K, 0% used [0x00000000e0000000,0x00000000e0000000,0x00000000ea300000)
  from space 22528K, 0% used [0x00000000ea300000,0x00000000ea300000,0x00000000eb900000)
  to   space 26112K, 0% used [0x00000000ef300000,0x00000000ef300000,0x00000000f0c80000)
 ParOldGen       total 102912K, used 49865K [0x00000000a0000000, 0x00000000a6480000, 0x00000000e0000000)
  object space 102912K, 48% used [0x00000000a0000000,0x00000000a30b26f8,0x00000000a6480000)
 Metaspace       used 56763K, capacity 58878K, committed 58968K, reserved 1099776K
  class space    used 7739K, capacity 8285K, committed 8320K, reserved 1048576K
}

