# JRE version: OpenJDK Runtime Environment (8.0_152-b01) (build 1.8.0_152-release-915-b01)
# Java VM: OpenJDK 64-Bit Server VM (25.152-b01 mixed mode windows-amd64 compressed oops)
Heap:
 PSYoungGen      total 206848K, used 192111K [0x00000000e0000000, 0x00000000eeb00000, 0x0000000100000000)
  eden space 189952K, 92% used [0x00000000e0000000,0x00000000eab6d7d8,0x00000000eb980000)
  from space 16896K, 98% used [0x00000000eda80000,0x00000000eeaae480,0x00000000eeb00000)
  to   space 19968K, 0% used [0x00000000ec400000,0x00000000ec400000,0x00000000ed780000)
 ParOldGen       total 149504K, used 51612K [0x00000000a0000000, 0x00000000a9200000, 0x00000000e0000000)
  object space 149504K, 34% used [0x00000000a0000000,0x00000000a3267180,0x00000000a9200000)
 Metaspace       used 68853K, capacity 72514K, committed 72724K, reserved 1112064K
  class space    used 9157K, capacity 10187K, committed 10300K, reserved 1048576K
GC Heap History (10 events):
Event: 38.402 GC heap before
{Heap before GC invocations=13 (full 2):
 PSYoungGen      total 123904K, used 121203K [0x00000000e0000000, 0x00000000e8500000, 0x0000000100000000)
  eden space 112640K, 100% used [0x00000000e0000000,0x00000000e6e00000,0x00000000e6e00000)
  from space 11264K, 76% used [0x00000000e7980000,0x00000000e81dcfe0,0x00000000e8480000)
  to   space 11776K, 0% used [0x00000000e6e00000,0x00000000e6e00000,0x00000000e7980000)
 ParOldGen       total 88064K, used 16831K [0x00000000a0000000, 0x00000000a5600000, 0x00000000e0000000)
  object space 88064K, 19% used [0x00000000a0000000,0x00000000a106fc20,0x00000000a5600000)
 Metaspace       used 47606K, capacity 48850K, committed 49112K, reserved 1091584K
  class space    used 6347K, capacity 6787K, committed 6912K, reserved 1048576K
Event: 38.439 GC heap after
Heap after GC invocations=13 (full 2):
 PSYoungGen      total 124416K, used 9905K [0x00000000e0000000, 0x00000000eaf00000, 0x0000000100000000)
  eden space 112640K, 0% used [0x00000000e0000000,0x00000000e0000000,0x00000000e6e00000)
  from space 11776K, 84% used [0x00000000e6e00000,0x00000000e77ac728,0x00000000e7980000)
  to   space 12288K, 0% used [0x00000000ea300000,0x00000000ea300000,0x00000000eaf00000)
 ParOldGen       total 88064K, used 20683K [0x00000000a0000000, 0x00000000a5600000, 0x00000000e0000000)
  object space 88064K, 23% used [0x00000000a0000000,0x00000000a1432c38,0x00000000a5600000)
 Metaspace       used 47606K, capacity 48850K, committed 49112K, reserved 1091584K
  class space    used 6347K, capacity 6787K, committed 6912K, reserved 1048576K
}
Event: 43.398 GC heap before
{Heap before GC invocations=14 (full 2):
 PSYoungGen      total 124416K, used 122545K [0x00000000e0000000, 0x00000000eaf00000, 0x0000000100000000)
  eden space 112640K, 100% used [0x00000000e0000000,0x00000000e6e00000,0x00000000e6e00000)
  from space 11776K, 84% used [0x00000000e6e00000,0x00000000e77ac728,0x00000000e7980000)
  to   space 12288K, 0% used [0x00000000ea300000,0x00000000ea300000,0x00000000eaf00000)
 ParOldGen       total 88064K, used 20683K [0x00000000a0000000, 0x00000000a5600000, 0x00000000e0000000)
  object space 88064K, 23% used [0x00000000a0000000,0x00000000a1432c38,0x00000000a5600000)
 Metaspace       used 54205K, capacity 56794K, committed 56920K, reserved 1097728K
  class space    used 7316K, capacity 8010K, committed 8064K, reserved 1048576K
Event: 43.418 GC heap after
Heap after GC invocations=14 (full 2):
 PSYoungGen      total 160768K, used 12288K [0x00000000e0000000, 0x00000000eb780000, 0x0000000100000000)
  eden space 148480K, 0% used [0x00000000e0000000,0x00000000e0000000,0x00000000e9100000)
  from space 12288K, 100% used [0x00000000ea300000,0x00000000eaf00000,0x00000000eaf00000)
  to   space 18432K, 0% used [0x00000000e9100000,0x00000000e9100000,0x00000000ea300000)
 ParOldGen       total 88064K, used 33742K [0x00000000a0000000, 0x00000000a5600000, 0x00000000e0000000)
  object space 88064K, 38% used [0x00000000a0000000,0x00000000a20f3980,0x00000000a5600000)
 Metaspace       used 54205K, capacity 56794K, committed 56920K, reserved 1097728K
  class space    used 7316K, capacity 8010K, committed 8064K, reserved 1048576K
}
Event: 44.517 GC heap before
{Heap before GC invocations=15 (full 2):
 PSYoungGen      total 160768K, used 76174K [0x00000000e0000000, 0x00000000eb780000, 0x0000000100000000)
  eden space 148480K, 43% used [0x00000000e0000000,0x00000000e3e63b88,0x00000000e9100000)
  from space 12288K, 100% used [0x00000000ea300000,0x00000000eaf00000,0x00000000eaf00000)
  to   space 18432K, 0% used [0x00000000e9100000,0x00000000e9100000,0x00000000ea300000)
 ParOldGen       total 88064K, used 33742K [0x00000000a0000000, 0x00000000a5600000, 0x00000000e0000000)
  object space 88064K, 38% used [0x00000000a0000000,0x00000000a20f3980,0x00000000a5600000)
 Metaspace       used 56191K, capacity 58952K, committed 59028K, reserved 1099776K
  class space    used 7647K, capacity 8351K, committed 8380K, reserved 1048576K
Event: 44.553 GC heap after
Heap after GC invocations=15 (full 2):
 PSYoungGen      total 166912K, used 8156K [0x00000000e0000000, 0x00000000eec00000, 0x0000000100000000)
  eden space 148480K, 0% used [0x00000000e0000000,0x00000000e0000000,0x00000000e9100000)
  from space 18432K, 44% used [0x00000000e9100000,0x00000000e98f71d0,0x00000000ea300000)
  to   space 17920K, 0% used [0x00000000eda80000,0x00000000eda80000,0x00000000eec00000)
 ParOldGen       total 88064K, used 46093K [0x00000000a0000000, 0x00000000a5600000, 0x00000000e0000000)
  object space 88064K, 52% used [0x00000000a0000000,0x00000000a2d037b0,0x00000000a5600000)
 Metaspace       used 56191K, capacity 58952K, committed 59028K, reserved 1099776K
  class space    used 7647K, capacity 8351K, committed 8380K, reserved 1048576K
}
Event: 44.553 GC heap before
{Heap before GC invocations=16 (full 3):
 PSYoungGen      total 166912K, used 8156K [0x00000000e0000000, 0x00000000eec00000, 0x0000000100000000)
  eden space 148480K, 0% used [0x00000000e0000000,0x00000000e0000000,0x00000000e9100000)
  from space 18432K, 44% used [0x00000000e9100000,0x00000000e98f71d0,0x00000000ea300000)
  to   space 17920K, 0% used [0x00000000eda80000,0x00000000eda80000,0x00000000eec00000)
 ParOldGen       total 88064K, used 46093K [0x00000000a0000000, 0x00000000a5600000, 0x00000000e0000000)
  object space 88064K, 52% used [0x00000000a0000000,0x00000000a2d037b0,0x00000000a5600000)
 Metaspace       used 56191K, capacity 58952K, committed 59028K, reserved 1099776K
  class space    used 7647K, capacity 8351K, committed 8380K, reserved 1048576K
Event: 44.964 GC heap after
Heap after GC invocations=16 (full 3):
 PSYoungGen      total 166912K, used 0K [0x00000000e0000000, 0x00000000eec00000, 0x0000000100000000)
  eden space 148480K, 0% used [0x00000000e0000000,0x00000000e0000000,0x00000000e9100000)
  from space 18432K, 0% used [0x00000000e9100000,0x00000000e9100000,0x00000000ea300000)
  to   space 17920K, 0% used [0x00000000eda80000,0x00000000eda80000,0x00000000eec00000)
 ParOldGen       total 149504K, used 51604K [0x00000000a0000000, 0x00000000a9200000, 0x00000000e0000000)
  object space 149504K, 34% used [0x00000000a0000000,0x00000000a3265180,0x00000000a9200000)
 Metaspace       used 56191K, capacity 58952K, committed 59028K, reserved 1099776K
  class space    used 7647K, capacity 8351K, committed 8380K, reserved 1048576K
}
Event: 49.172 GC heap before
{Heap before GC invocations=17 (full 3):
 PSYoungGen      total 166912K, used 148480K [0x00000000e0000000, 0x00000000eec00000, 0x0000000100000000)
  eden space 148480K, 100% used [0x00000000e0000000,0x00000000e9100000,0x00000000e9100000)
  from space 18432K, 0% used [0x00000000e9100000,0x00000000e9100000,0x00000000ea300000)
  to   space 17920K, 0% used [0x00000000eda80000,0x00000000eda80000,0x00000000eec00000)
 ParOldGen       total 149504K, used 51604K [0x00000000a0000000, 0x00000000a9200000, 0x00000000e0000000)
  object space 149504K, 34% used [0x00000000a0000000,0x00000000a3265180,0x00000000a9200000)
 Metaspace       used 58813K, capacity 61896K, committed 62100K, reserved 1101824K
  class space    used 7982K, capacity 8770K, committed 8892K, reserved 1048576K
Event: 49.187 GC heap after
Heap after GC invocations=17 (full 3):
 PSYoungGen      total 206848K, used 16569K [0x00000000e0000000, 0x00000000eeb00000, 0x0000000100000000)
  eden space 189952K, 0% used [0x00000000e0000000,0x00000000e0000000,0x00000000eb980000)
  from space 16896K, 98% used [0x00000000eda80000,0x00000000eeaae480,0x00000000eeb00000)
  to   space 19968K, 0% used [0x00000000ec400000,0x00000000ec400000,0x00000000ed780000)
 ParOldGen       total 149504K, used 51612K [0x00000000a0000000, 0x00000000a9200000, 0x00000000e0000000)
  object space 149504K, 34% used [0x00000000a0000000,0x00000000a3267180,0x00000000a9200000)
 Metaspace       used 58813K, capacity 61896K, committed 62100K, reserved 1101824K
  class space    used 7982K, capacity 8770K, committed 8892K, reserved 1048576K
}

